[debug] [2021-11-07T15:31:23.376Z] ----------------------------------------------------------------------
[debug] [2021-11-07T15:31:23.378Z] Command:       C:\Program Files\nodejs\node.exe C:\Users\travi\AppData\Roaming\npm\node_modules\firebase-tools\lib\bin\firebase.js deploy
[debug] [2021-11-07T15:31:23.378Z] CLI Version:   9.20.0
[debug] [2021-11-07T15:31:23.378Z] Platform:      win32
[debug] [2021-11-07T15:31:23.378Z] Node Version:  v17.0.1
[debug] [2021-11-07T15:31:23.378Z] Time:          Mon Nov 08 2021 02:31:23 GMT+1100 (Australian Eastern Daylight Time)
[debug] [2021-11-07T15:31:23.379Z] ----------------------------------------------------------------------
[debug] 
[debug] [2021-11-07T15:31:23.411Z] > command requires scopes: ["email","openid","https://www.googleapis.com/auth/cloudplatformprojects.readonly","https://www.googleapis.com/auth/firebase","https://www.googleapis.com/auth/cloud-platform"]
[debug] [2021-11-07T15:31:23.411Z] > authorizing via signed-in user (travis.winsor.au@gmail.com)
[debug] [2021-11-07T15:31:23.411Z] [iam] checking project conceal-hub for permissions ["firebase.projects.get","firebasehosting.sites.update"]
[debug] [2021-11-07T15:31:23.413Z] >>> HTTP REQUEST POST https://cloudresourcemanager.googleapis.com/v1/projects/conceal-hub:testIamPermissions  
 {"permissions":["firebase.projects.get","firebasehosting.sites.update"]}
[debug] [2021-11-07T15:31:24.664Z] <<< HTTP RESPONSE 200 {"content-type":"application/json; charset=UTF-8","vary":"X-Origin, Referer, Origin,Accept-Encoding","date":"Sun, 07 Nov 2021 15:31:25 GMT","server":"ESF","cache-control":"private","x-xss-protection":"0","x-frame-options":"SAMEORIGIN","x-content-type-options":"nosniff","server-timing":"gfet4t7; dur=1098","alt-svc":"h3=\":443\"; ma=2592000,h3-29=\":443\"; ma=2592000,h3-Q050=\":443\"; ma=2592000,h3-Q046=\":443\"; ma=2592000,h3-Q043=\":443\"; ma=2592000,quic=\":443\"; ma=2592000; v=\"46,43\"","accept-ranges":"none","transfer-encoding":"chunked"}
[debug] [2021-11-07T15:31:24.666Z] > refreshing access token with scopes: []
[debug] [2021-11-07T15:31:24.666Z] >>> HTTP REQUEST POST https://www.googleapis.com/oauth2/v3/token  
 <request body omitted>
[debug] [2021-11-07T15:31:24.876Z] <<< HTTP RESPONSE 200 {"pragma":"no-cache","expires":"Mon, 01 Jan 1990 00:00:00 GMT","date":"Sun, 07 Nov 2021 15:31:25 GMT","cache-control":"no-cache, no-store, max-age=0, must-revalidate","content-type":"application/json; charset=utf-8","vary":"X-Origin, Referer, Origin,Accept-Encoding","server":"scaffolding on HTTPServer2","x-xss-protection":"0","x-frame-options":"SAMEORIGIN","x-content-type-options":"nosniff","alt-svc":"h3=\":443\"; ma=2592000,h3-29=\":443\"; ma=2592000,h3-Q050=\":443\"; ma=2592000,h3-Q046=\":443\"; ma=2592000,h3-Q043=\":443\"; ma=2592000,quic=\":443\"; ma=2592000; v=\"46,43\"","accept-ranges":"none","transfer-encoding":"chunked"}
[debug] [2021-11-07T15:31:24.888Z] >>> [apiv2][query] GET https://firebase.googleapis.com/v1beta1/projects/conceal-hub [none]
[debug] [2021-11-07T15:31:25.337Z] <<< [apiv2][status] GET https://firebase.googleapis.com/v1beta1/projects/conceal-hub 200
[debug] [2021-11-07T15:31:25.337Z] <<< [apiv2][body] GET https://firebase.googleapis.com/v1beta1/projects/conceal-hub {"projectId":"conceal-hub","projectNumber":"629180707958","displayName":"conceal-hub","name":"projects/conceal-hub","resources":{"hostingSite":"conceal-hub"},"state":"ACTIVE"}
[info] 
[info] === Deploying to 'conceal-hub'...
[info] 
[info] i  deploying hosting 
[debug] [2021-11-07T15:31:25.339Z] > refreshing access token with scopes: ["email","https://www.googleapis.com/auth/cloud-platform","https://www.googleapis.com/auth/cloudplatformprojects.readonly","https://www.googleapis.com/auth/firebase","openid"]
[debug] [2021-11-07T15:31:25.339Z] >>> HTTP REQUEST POST https://www.googleapis.com/oauth2/v3/token  
 <request body omitted>
